2025-09-21 12:08:09,974 - __main__ - INFO - Router API is healthy and accessible
2025-09-21 12:08:09,975 - __main__ - INFO - Starting in simulation mode...
2025-09-21 12:08:09,975 - __main__ - INFO - Simulation mode: Press Ctrl+C to stop, or wait for auto-generated signals
2025-09-21 12:08:19,976 - __main__ - INFO - Simulating Arduino button press: button_1
2025-09-21 12:08:19,977 - __main__ - INFO - Received Arduino signal: button_1
2025-09-21 12:08:19,977 - __main__ - INFO - Created offer: 10.0 ADA - Coffee payment - Button 1 pressed
2025-09-21 12:08:22,010 - __main__ - INFO - Successfully sent offer to router: 686e7e53-324e-4f4f-9309-cd0827c6f4e3
2025-09-21 12:10:00,411 - __main__ - INFO - Router API is healthy and accessible
2025-09-21 12:10:00,411 - __main__ - INFO - Starting in simulation mode...
2025-09-21 12:10:00,411 - __main__ - INFO - Simulation mode: Press Ctrl+C to stop, or wait for auto-generated signals
2025-09-21 12:10:10,412 - __main__ - INFO - Simulating Arduino button press: button_1
2025-09-21 12:10:10,412 - __main__ - INFO - Received Arduino signal: button_1
2025-09-21 12:10:10,413 - __main__ - INFO - Created offer: 10.0 ADA - Coffee payment - Button 1 pressed
2025-09-21 12:10:12,442 - __main__ - INFO - Successfully sent offer to router: c54015a5-7c81-4d26-8a07-2e9b663d6766
2025-09-21 12:10:20,443 - __main__ - INFO - Router API is healthy and accessible
2025-09-21 12:10:20,444 - __main__ - INFO - Starting in simulation mode...
2025-09-21 12:10:20,445 - __main__ - INFO - Simulation mode: Press Ctrl+C to stop, or wait for auto-generated signals
2025-09-21 12:10:30,446 - __main__ - INFO - Simulating Arduino button press: button_1
2025-09-21 12:10:30,446 - __main__ - INFO - Received Arduino signal: button_1
2025-09-21 12:10:30,446 - __main__ - INFO - Created offer: 10.0 ADA - Coffee payment - Button 1 pressed
2025-09-21 12:10:32,485 - __main__ - INFO - Successfully sent offer to router: 94ced3ed-89f9-4dba-94a2-ce7a1a0ba641
2025-09-21 12:10:42,487 - __main__ - INFO - Simulating Arduino button press: button_2
2025-09-21 12:10:42,487 - __main__ - INFO - Received Arduino signal: button_2
2025-09-21 12:10:42,488 - __main__ - INFO - Created offer: 25.0 ADA - Lunch payment - Button 2 pressed
2025-09-21 12:10:44,513 - __main__ - INFO - Successfully sent offer to router: ed656622-8cc3-4a93-a965-7aaf09499a1d
2025-09-21 12:10:54,515 - __main__ - INFO - Simulating Arduino button press: button_3
2025-09-21 12:10:54,515 - __main__ - INFO - Received Arduino signal: button_3
2025-09-21 12:10:54,516 - __main__ - INFO - Created offer: 50.0 ADA - Dinner payment - Button 3 pressed
2025-09-21 12:10:56,541 - __main__ - INFO - Successfully sent offer to router: eb7d9011-ccea-4fdf-bef2-451d55a5d701
2025-09-21 12:11:06,541 - __main__ - INFO - Simulating Arduino button press: emergency
2025-09-21 12:11:06,541 - __main__ - INFO - Received Arduino signal: emergency
2025-09-21 12:11:06,542 - __main__ - INFO - Created offer: 100.0 ADA - Emergency payment - Emergency button pressed
2025-09-21 12:11:08,571 - __main__ - INFO - Successfully sent offer to router: a6e8325e-750c-4a7d-9d99-b802e8faafa3
2025-09-21 12:11:18,572 - __main__ - INFO - Simulating Arduino button press: button_1
2025-09-21 12:11:18,572 - __main__ - INFO - Received Arduino signal: button_1
2025-09-21 12:11:18,573 - __main__ - INFO - Created offer: 10.0 ADA - Coffee payment - Button 1 pressed
2025-09-21 12:11:20,786 - __main__ - INFO - Successfully sent offer to router: 49f0cf9a-3631-41fb-81c5-086c4d1e3d31
2025-09-21 12:11:30,797 - __main__ - INFO - Simulating Arduino button press: button_2
2025-09-21 12:11:30,797 - __main__ - INFO - Received Arduino signal: button_2
2025-09-21 12:11:30,798 - __main__ - INFO - Created offer: 25.0 ADA - Lunch payment - Button 2 pressed
2025-09-21 12:11:32,848 - __main__ - INFO - Successfully sent offer to router: 49caccc7-a726-45b6-9c44-b7e7d9b25252
2025-09-21 12:11:42,849 - __main__ - INFO - Simulating Arduino button press: button_3
2025-09-21 12:11:42,849 - __main__ - INFO - Received Arduino signal: button_3
2025-09-21 12:11:42,849 - __main__ - INFO - Created offer: 50.0 ADA - Dinner payment - Button 3 pressed
2025-09-21 12:11:44,885 - __main__ - INFO - Successfully sent offer to router: b9460ec6-432e-43cd-8817-94b3dacd14d6
2025-09-21 12:11:54,886 - __main__ - INFO - Simulating Arduino button press: emergency
2025-09-21 12:11:54,886 - __main__ - INFO - Received Arduino signal: emergency
2025-09-21 12:11:54,887 - __main__ - INFO - Created offer: 100.0 ADA - Emergency payment - Emergency button pressed
2025-09-21 12:11:56,919 - __main__ - INFO - Successfully sent offer to router: e852ca00-defc-406e-8661-a886b0fb5adc
2025-09-21 12:12:06,919 - __main__ - INFO - Simulating Arduino button press: button_1
2025-09-21 12:12:06,920 - __main__ - INFO - Received Arduino signal: button_1
2025-09-21 12:12:06,920 - __main__ - INFO - Created offer: 10.0 ADA - Coffee payment - Button 1 pressed
2025-09-21 12:12:08,954 - __main__ - INFO - Successfully sent offer to router: f77ae49a-1840-435d-979d-13e26be13f9d
2025-09-21 12:12:18,954 - __main__ - INFO - Simulating Arduino button press: button_2
2025-09-21 12:12:18,955 - __main__ - INFO - Received Arduino signal: button_2
2025-09-21 12:12:18,955 - __main__ - INFO - Created offer: 25.0 ADA - Lunch payment - Button 2 pressed
2025-09-21 12:12:21,994 - __main__ - INFO - Successfully sent offer to router: 064fb44e-46dc-4da3-850e-268fca7b1e93
2025-09-21 12:12:31,995 - __main__ - INFO - Simulating Arduino button press: button_3
2025-09-21 12:12:31,995 - __main__ - INFO - Received Arduino signal: button_3
2025-09-21 12:12:31,995 - __main__ - INFO - Created offer: 50.0 ADA - Dinner payment - Button 3 pressed
2025-09-21 12:12:34,014 - __main__ - INFO - Successfully sent offer to router: 543d9513-c073-450e-abad-04a21951991f
2025-09-21 12:12:44,014 - __main__ - INFO - Simulating Arduino button press: emergency
2025-09-21 12:12:44,015 - __main__ - INFO - Received Arduino signal: emergency
2025-09-21 12:12:44,015 - __main__ - INFO - Created offer: 100.0 ADA - Emergency payment - Emergency button pressed
2025-09-21 12:12:46,042 - __main__ - INFO - Successfully sent offer to router: d445b770-c337-478a-9d7b-9f111d7d9d45
2025-09-21 12:12:56,043 - __main__ - INFO - Simulating Arduino button press: button_1
2025-09-21 12:12:56,043 - __main__ - INFO - Received Arduino signal: button_1
2025-09-21 12:12:56,044 - __main__ - INFO - Created offer: 10.0 ADA - Coffee payment - Button 1 pressed
2025-09-21 12:12:58,085 - __main__ - INFO - Successfully sent offer to router: 28c18c83-ac97-483a-9b96-f026d3d6cd4d
2025-09-21 12:13:08,086 - __main__ - INFO - Simulating Arduino button press: button_2
2025-09-21 12:13:08,087 - __main__ - INFO - Received Arduino signal: button_2
2025-09-21 12:13:08,087 - __main__ - INFO - Created offer: 25.0 ADA - Lunch payment - Button 2 pressed
2025-09-21 12:13:10,125 - __main__ - INFO - Successfully sent offer to router: 707aa5b7-6e67-4573-a087-e9efbe2da74a
2025-09-21 12:13:20,126 - __main__ - INFO - Simulating Arduino button press: button_3
2025-09-21 12:13:20,127 - __main__ - INFO - Received Arduino signal: button_3
2025-09-21 12:13:20,127 - __main__ - INFO - Created offer: 50.0 ADA - Dinner payment - Button 3 pressed
2025-09-21 12:13:22,148 - __main__ - INFO - Successfully sent offer to router: 266f0352-b80a-4bb6-854f-2b0395fe5bd6
2025-09-21 12:13:32,149 - __main__ - INFO - Simulating Arduino button press: emergency
2025-09-21 12:13:32,149 - __main__ - INFO - Received Arduino signal: emergency
2025-09-21 12:13:32,149 - __main__ - INFO - Created offer: 100.0 ADA - Emergency payment - Emergency button pressed
2025-09-21 12:13:34,167 - __main__ - INFO - Successfully sent offer to router: c4ed4aef-fd05-4864-aeb6-4e92a519e1c7
2025-09-21 12:13:44,168 - __main__ - INFO - Simulating Arduino button press: button_1
2025-09-21 12:13:44,170 - __main__ - INFO - Received Arduino signal: button_1
2025-09-21 12:13:44,171 - __main__ - INFO - Created offer: 10.0 ADA - Coffee payment - Button 1 pressed
2025-09-21 12:13:46,203 - __main__ - INFO - Successfully sent offer to router: 2a4302f9-05a0-4e1e-b6ce-15aa2a8f8a4e
2025-09-21 12:13:56,204 - __main__ - INFO - Simulating Arduino button press: button_2
2025-09-21 12:13:56,205 - __main__ - INFO - Received Arduino signal: button_2
2025-09-21 12:13:56,205 - __main__ - INFO - Created offer: 25.0 ADA - Lunch payment - Button 2 pressed
2025-09-21 12:13:58,222 - __main__ - INFO - Successfully sent offer to router: 4b95b4c1-c2e3-42f8-87ad-5313d288b6a7
2025-09-21 12:14:08,223 - __main__ - INFO - Simulating Arduino button press: button_3
2025-09-21 12:14:08,224 - __main__ - INFO - Received Arduino signal: button_3
2025-09-21 12:14:08,224 - __main__ - INFO - Created offer: 50.0 ADA - Dinner payment - Button 3 pressed
2025-09-21 12:14:10,254 - __main__ - INFO - Successfully sent offer to router: 47fd6c53-a0ea-4141-a69c-5943669f8f1f
2025-09-21 12:14:20,254 - __main__ - INFO - Simulating Arduino button press: emergency
2025-09-21 12:14:20,255 - __main__ - INFO - Received Arduino signal: emergency
2025-09-21 12:14:20,255 - __main__ - INFO - Created offer: 100.0 ADA - Emergency payment - Emergency button pressed
2025-09-21 12:14:22,288 - __main__ - INFO - Successfully sent offer to router: adac8293-8975-4207-8bfd-84e4705225e4
2025-09-21 12:14:32,289 - __main__ - INFO - Simulating Arduino button press: button_1
2025-09-21 12:14:32,290 - __main__ - INFO - Received Arduino signal: button_1
2025-09-21 12:14:32,290 - __main__ - INFO - Created offer: 10.0 ADA - Coffee payment - Button 1 pressed
2025-09-21 12:14:34,327 - __main__ - INFO - Successfully sent offer to router: 82145ccf-431d-4498-b171-410f67cd51b9
2025-09-21 12:14:44,328 - __main__ - INFO - Simulating Arduino button press: button_2
2025-09-21 12:14:44,329 - __main__ - INFO - Received Arduino signal: button_2
2025-09-21 12:14:44,330 - __main__ - INFO - Created offer: 25.0 ADA - Lunch payment - Button 2 pressed
2025-09-21 12:14:46,350 - __main__ - INFO - Successfully sent offer to router: c4413590-8149-434c-8142-f528b4ba002f
2025-09-21 12:14:56,350 - __main__ - INFO - Simulating Arduino button press: button_3
2025-09-21 12:14:56,350 - __main__ - INFO - Received Arduino signal: button_3
2025-09-21 12:14:56,351 - __main__ - INFO - Created offer: 50.0 ADA - Dinner payment - Button 3 pressed
2025-09-21 12:14:58,374 - __main__ - INFO - Successfully sent offer to router: e9022aae-7610-4e31-b2fb-d3eb79bab32d
2025-09-21 12:15:08,376 - __main__ - INFO - Simulating Arduino button press: emergency
2025-09-21 12:15:08,376 - __main__ - INFO - Received Arduino signal: emergency
2025-09-21 12:15:08,376 - __main__ - INFO - Created offer: 100.0 ADA - Emergency payment - Emergency button pressed
2025-09-21 12:15:10,411 - __main__ - INFO - Successfully sent offer to router: 27b510c3-f282-4dfc-95b3-ed6dc2317996
2025-09-21 12:15:20,411 - __main__ - INFO - Simulating Arduino button press: button_1
2025-09-21 12:15:20,412 - __main__ - INFO - Received Arduino signal: button_1
2025-09-21 12:15:20,412 - __main__ - INFO - Created offer: 10.0 ADA - Coffee payment - Button 1 pressed
2025-09-21 12:15:22,447 - __main__ - INFO - Successfully sent offer to router: 2bd974f3-8a66-4588-b732-d396a74ad34f
2025-09-21 12:15:32,449 - __main__ - INFO - Simulating Arduino button press: button_2
2025-09-21 12:15:32,449 - __main__ - INFO - Received Arduino signal: button_2
2025-09-21 12:15:32,450 - __main__ - INFO - Created offer: 25.0 ADA - Lunch payment - Button 2 pressed
2025-09-21 12:15:34,465 - __main__ - INFO - Successfully sent offer to router: 37d2cb21-2b6a-41c1-9fe6-1259d492ae2b
2025-09-21 12:15:44,466 - __main__ - INFO - Simulating Arduino button press: button_3
2025-09-21 12:15:44,467 - __main__ - INFO - Received Arduino signal: button_3
2025-09-21 12:15:44,467 - __main__ - INFO - Created offer: 50.0 ADA - Dinner payment - Button 3 pressed
2025-09-21 12:15:46,492 - __main__ - INFO - Successfully sent offer to router: e3b5bc8f-c7fa-46cd-9d77-b9f11829f95d
2025-09-21 12:15:56,493 - __main__ - INFO - Simulating Arduino button press: emergency
2025-09-21 12:15:56,493 - __main__ - INFO - Received Arduino signal: emergency
2025-09-21 12:15:56,494 - __main__ - INFO - Created offer: 100.0 ADA - Emergency payment - Emergency button pressed
2025-09-21 12:15:58,537 - __main__ - INFO - Successfully sent offer to router: 3d54dd9f-6cb3-4eb6-951c-94bb77d7887e
2025-09-21 12:16:08,538 - __main__ - INFO - Simulating Arduino button press: button_1
2025-09-21 12:16:08,538 - __main__ - INFO - Received Arduino signal: button_1
2025-09-21 12:16:08,539 - __main__ - INFO - Created offer: 10.0 ADA - Coffee payment - Button 1 pressed
2025-09-21 12:16:10,578 - __main__ - INFO - Successfully sent offer to router: 0c0a49c3-2f67-4b27-bee9-df2d5b516d7a
2025-09-21 12:16:20,581 - __main__ - INFO - Simulating Arduino button press: button_2
2025-09-21 12:16:20,581 - __main__ - INFO - Received Arduino signal: button_2
2025-09-21 12:16:20,582 - __main__ - INFO - Created offer: 25.0 ADA - Lunch payment - Button 2 pressed
2025-09-21 12:16:22,610 - __main__ - INFO - Successfully sent offer to router: 5f924e5f-42fc-41b3-9926-5c56f73f616e
2025-09-21 12:16:32,610 - __main__ - INFO - Simulating Arduino button press: button_3
2025-09-21 12:16:32,611 - __main__ - INFO - Received Arduino signal: button_3
2025-09-21 12:16:32,611 - __main__ - INFO - Created offer: 50.0 ADA - Dinner payment - Button 3 pressed
2025-09-21 12:16:34,649 - __main__ - INFO - Successfully sent offer to router: d93bad8f-f5fa-47cb-a4c5-907cf6f95f94
2025-09-21 12:16:44,649 - __main__ - INFO - Simulating Arduino button press: emergency
2025-09-21 12:16:44,650 - __main__ - INFO - Received Arduino signal: emergency
2025-09-21 12:16:44,650 - __main__ - INFO - Created offer: 100.0 ADA - Emergency payment - Emergency button pressed
2025-09-21 12:16:46,703 - __main__ - INFO - Successfully sent offer to router: 79391c66-0d86-45be-bb6d-1248ccca92a2
2025-09-21 12:16:56,703 - __main__ - INFO - Simulating Arduino button press: button_1
2025-09-21 12:16:56,703 - __main__ - INFO - Received Arduino signal: button_1
2025-09-21 12:16:56,704 - __main__ - INFO - Created offer: 10.0 ADA - Coffee payment - Button 1 pressed
2025-09-21 12:16:58,722 - __main__ - INFO - Successfully sent offer to router: 80b9bec0-c2ad-4f10-918d-70a3545cf4af
2025-09-21 12:17:08,723 - __main__ - INFO - Simulating Arduino button press: button_2
2025-09-21 12:17:08,724 - __main__ - INFO - Received Arduino signal: button_2
2025-09-21 12:17:08,726 - __main__ - INFO - Created offer: 25.0 ADA - Lunch payment - Button 2 pressed
2025-09-21 12:17:10,756 - __main__ - INFO - Successfully sent offer to router: 1f59d53b-c87c-4178-9ab7-3d8c85adedf8
2025-09-21 12:17:20,756 - __main__ - INFO - Simulating Arduino button press: button_3
2025-09-21 12:17:20,757 - __main__ - INFO - Received Arduino signal: button_3
2025-09-21 12:17:20,757 - __main__ - INFO - Created offer: 50.0 ADA - Dinner payment - Button 3 pressed
2025-09-21 12:17:22,789 - __main__ - INFO - Successfully sent offer to router: 2b15b5e8-4571-4b3e-b264-ea0aabf547f8
2025-09-21 12:17:32,794 - __main__ - INFO - Simulating Arduino button press: emergency
2025-09-21 12:17:32,802 - __main__ - INFO - Received Arduino signal: emergency
2025-09-21 12:17:32,803 - __main__ - INFO - Created offer: 100.0 ADA - Emergency payment - Emergency button pressed
2025-09-21 12:17:34,865 - __main__ - INFO - Successfully sent offer to router: 1818503f-0240-42fe-b3ac-56e8d32261f3
2025-09-21 12:17:44,870 - __main__ - INFO - Simulating Arduino button press: button_1
2025-09-21 12:17:44,871 - __main__ - INFO - Received Arduino signal: button_1
2025-09-21 12:17:44,871 - __main__ - INFO - Created offer: 10.0 ADA - Coffee payment - Button 1 pressed
2025-09-21 12:17:46,917 - __main__ - INFO - Successfully sent offer to router: cfe94adb-40ad-42e9-a240-d1198f51ce3d
2025-09-21 12:17:56,926 - __main__ - INFO - Simulating Arduino button press: button_2
2025-09-21 12:17:56,927 - __main__ - INFO - Received Arduino signal: button_2
2025-09-21 12:17:56,927 - __main__ - INFO - Created offer: 25.0 ADA - Lunch payment - Button 2 pressed
2025-09-21 12:17:58,964 - __main__ - INFO - Successfully sent offer to router: 56bbbc14-6ffd-410a-9c12-d2e0eb611a2a
2025-09-21 12:18:08,969 - __main__ - INFO - Simulating Arduino button press: button_3
2025-09-21 12:18:08,970 - __main__ - INFO - Received Arduino signal: button_3
2025-09-21 12:18:08,971 - __main__ - INFO - Created offer: 50.0 ADA - Dinner payment - Button 3 pressed
2025-09-21 12:18:11,031 - __main__ - INFO - Successfully sent offer to router: 492c613c-e013-4477-b389-e80de216f2ba
2025-09-21 12:18:21,043 - __main__ - INFO - Simulating Arduino button press: emergency
2025-09-21 12:18:21,044 - __main__ - INFO - Received Arduino signal: emergency
2025-09-21 12:18:21,047 - __main__ - INFO - Created offer: 100.0 ADA - Emergency payment - Emergency button pressed
2025-09-21 12:18:23,103 - __main__ - INFO - Successfully sent offer to router: 8e48661d-46c8-483e-a1c8-1dfc14c99f41
2025-09-21 12:18:33,104 - __main__ - INFO - Simulating Arduino button press: button_1
2025-09-21 12:18:33,104 - __main__ - INFO - Received Arduino signal: button_1
2025-09-21 12:18:33,105 - __main__ - INFO - Created offer: 10.0 ADA - Coffee payment - Button 1 pressed
2025-09-21 12:18:35,162 - __main__ - INFO - Successfully sent offer to router: 82c7dc2a-2a06-4e3b-9331-6bfe84e8c937
2025-09-21 12:18:45,163 - __main__ - INFO - Simulating Arduino button press: button_2
2025-09-21 12:18:45,164 - __main__ - INFO - Received Arduino signal: button_2
2025-09-21 12:18:45,164 - __main__ - INFO - Created offer: 25.0 ADA - Lunch payment - Button 2 pressed
2025-09-21 12:18:47,208 - __main__ - INFO - Successfully sent offer to router: 4e065ed5-2b8d-43fd-ad64-cb5ecb63a482
2025-09-21 12:18:57,211 - __main__ - INFO - Simulating Arduino button press: button_3
2025-09-21 12:18:57,211 - __main__ - INFO - Received Arduino signal: button_3
2025-09-21 12:18:57,211 - __main__ - INFO - Created offer: 50.0 ADA - Dinner payment - Button 3 pressed
2025-09-21 12:18:59,247 - __main__ - INFO - Successfully sent offer to router: d5510f09-8014-419a-8828-31c9cd030748
2025-09-21 12:19:09,248 - __main__ - INFO - Simulating Arduino button press: emergency
2025-09-21 12:19:09,248 - __main__ - INFO - Received Arduino signal: emergency
2025-09-21 12:19:09,250 - __main__ - INFO - Created offer: 100.0 ADA - Emergency payment - Emergency button pressed
2025-09-21 12:19:11,281 - __main__ - INFO - Successfully sent offer to router: 926b73c2-0fe3-43bb-8fc1-3b391a2bdbf9
2025-09-21 12:19:21,281 - __main__ - INFO - Simulating Arduino button press: button_1
2025-09-21 12:19:21,282 - __main__ - INFO - Received Arduino signal: button_1
2025-09-21 12:19:21,282 - __main__ - INFO - Created offer: 10.0 ADA - Coffee payment - Button 1 pressed
2025-09-21 12:19:23,305 - __main__ - INFO - Successfully sent offer to router: 72f8939e-6ef2-4647-ae89-c8b1485210a5
2025-09-21 12:19:33,306 - __main__ - INFO - Simulating Arduino button press: button_2
2025-09-21 12:19:33,308 - __main__ - INFO - Received Arduino signal: button_2
2025-09-21 12:19:33,308 - __main__ - INFO - Created offer: 25.0 ADA - Lunch payment - Button 2 pressed
2025-09-21 12:19:35,367 - __main__ - INFO - Successfully sent offer to router: e3b551a9-9422-4ca3-9d3a-0703f7d30799
2025-09-21 12:19:45,368 - __main__ - INFO - Simulating Arduino button press: button_3
2025-09-21 12:19:45,368 - __main__ - INFO - Received Arduino signal: button_3
2025-09-21 12:19:45,368 - __main__ - INFO - Created offer: 50.0 ADA - Dinner payment - Button 3 pressed
2025-09-21 12:19:47,407 - __main__ - INFO - Successfully sent offer to router: ae7b275e-1c3c-4906-ae8a-8045012231e8
2025-09-21 12:19:57,410 - __main__ - INFO - Simulating Arduino button press: emergency
2025-09-21 12:19:57,410 - __main__ - INFO - Received Arduino signal: emergency
2025-09-21 12:19:57,410 - __main__ - INFO - Created offer: 100.0 ADA - Emergency payment - Emergency button pressed
2025-09-21 12:19:59,448 - __main__ - INFO - Successfully sent offer to router: 55c71b85-cdb6-42f3-805e-02737a69b97c
2025-09-21 12:20:09,449 - __main__ - INFO - Simulating Arduino button press: button_1
2025-09-21 12:20:09,449 - __main__ - INFO - Received Arduino signal: button_1
2025-09-21 12:20:09,449 - __main__ - INFO - Created offer: 10.0 ADA - Coffee payment - Button 1 pressed
2025-09-21 12:20:11,471 - __main__ - INFO - Successfully sent offer to router: d14d7c2c-7021-4dca-90f2-a4b602ee3cf4
2025-09-21 12:20:21,471 - __main__ - INFO - Simulating Arduino button press: button_2
2025-09-21 12:20:21,472 - __main__ - INFO - Received Arduino signal: button_2
2025-09-21 12:20:21,472 - __main__ - INFO - Created offer: 25.0 ADA - Lunch payment - Button 2 pressed
2025-09-21 12:20:23,504 - __main__ - INFO - Successfully sent offer to router: b63ea1fa-bab1-4472-9281-2d868f3d0513
2025-09-21 12:20:33,504 - __main__ - INFO - Simulating Arduino button press: button_3
2025-09-21 12:20:33,505 - __main__ - INFO - Received Arduino signal: button_3
2025-09-21 12:20:33,505 - __main__ - INFO - Created offer: 50.0 ADA - Dinner payment - Button 3 pressed
2025-09-21 12:20:35,543 - __main__ - INFO - Successfully sent offer to router: dbaf9a80-28eb-4e63-b152-21b043f59a5a
2025-09-21 12:20:45,544 - __main__ - INFO - Simulating Arduino button press: emergency
2025-09-21 12:20:45,544 - __main__ - INFO - Received Arduino signal: emergency
2025-09-21 12:20:45,544 - __main__ - INFO - Created offer: 100.0 ADA - Emergency payment - Emergency button pressed
2025-09-21 12:20:47,570 - __main__ - INFO - Successfully sent offer to router: bc5251cf-5803-45ea-b2cc-6561294c3bb3
2025-09-21 12:20:57,571 - __main__ - INFO - Simulating Arduino button press: button_1
2025-09-21 12:20:57,571 - __main__ - INFO - Received Arduino signal: button_1
2025-09-21 12:20:57,571 - __main__ - INFO - Created offer: 10.0 ADA - Coffee payment - Button 1 pressed
2025-09-21 12:20:59,602 - __main__ - INFO - Successfully sent offer to router: b752a6c7-9efb-4170-9508-93f7c7be85e5
2025-09-21 12:21:09,603 - __main__ - INFO - Simulating Arduino button press: button_2
2025-09-21 12:21:09,603 - __main__ - INFO - Received Arduino signal: button_2
2025-09-21 12:21:09,603 - __main__ - INFO - Created offer: 25.0 ADA - Lunch payment - Button 2 pressed
2025-09-21 12:21:11,622 - __main__ - INFO - Successfully sent offer to router: 333714d5-3502-410b-8447-ae903c0c3d89
2025-09-21 12:21:21,623 - __main__ - INFO - Simulating Arduino button press: button_3
2025-09-21 12:21:21,623 - __main__ - INFO - Received Arduino signal: button_3
2025-09-21 12:21:21,624 - __main__ - INFO - Created offer: 50.0 ADA - Dinner payment - Button 3 pressed
2025-09-21 12:21:23,661 - __main__ - INFO - Successfully sent offer to router: 70d01680-4a5f-4904-9369-fedffdbf335c
2025-09-21 12:21:33,661 - __main__ - INFO - Simulating Arduino button press: emergency
2025-09-21 12:21:33,662 - __main__ - INFO - Received Arduino signal: emergency
2025-09-21 12:21:33,662 - __main__ - INFO - Created offer: 100.0 ADA - Emergency payment - Emergency button pressed
2025-09-21 12:21:35,722 - __main__ - INFO - Successfully sent offer to router: e43218eb-b791-40c9-bdfa-3a84e4f0b0af
2025-09-21 12:21:45,723 - __main__ - INFO - Simulating Arduino button press: button_1
2025-09-21 12:21:45,723 - __main__ - INFO - Received Arduino signal: button_1
2025-09-21 12:21:45,724 - __main__ - INFO - Created offer: 10.0 ADA - Coffee payment - Button 1 pressed
2025-09-21 12:21:47,756 - __main__ - INFO - Successfully sent offer to router: 7f4599bc-e0fa-4c2c-b250-c8113e837531
2025-09-21 12:21:57,757 - __main__ - INFO - Simulating Arduino button press: button_2
2025-09-21 12:21:57,757 - __main__ - INFO - Received Arduino signal: button_2
2025-09-21 12:21:57,757 - __main__ - INFO - Created offer: 25.0 ADA - Lunch payment - Button 2 pressed
2025-09-21 12:21:59,816 - __main__ - INFO - Successfully sent offer to router: 97c9f890-c1ec-4fd2-a51c-f7eba8b65dbe
2025-09-21 12:22:09,816 - __main__ - INFO - Simulating Arduino button press: button_3
2025-09-21 12:22:09,817 - __main__ - INFO - Received Arduino signal: button_3
2025-09-21 12:22:09,817 - __main__ - INFO - Created offer: 50.0 ADA - Dinner payment - Button 3 pressed
2025-09-21 12:22:11,842 - __main__ - INFO - Successfully sent offer to router: 89060419-5e49-49c6-9d0f-b5cca783990e
2025-09-21 12:22:21,843 - __main__ - INFO - Simulating Arduino button press: emergency
2025-09-21 12:22:21,843 - __main__ - INFO - Received Arduino signal: emergency
2025-09-21 12:22:21,844 - __main__ - INFO - Created offer: 100.0 ADA - Emergency payment - Emergency button pressed
2025-09-21 12:22:23,882 - __main__ - INFO - Successfully sent offer to router: d80516f7-1946-4656-92f4-10e78eaac28c
2025-09-21 12:22:33,882 - __main__ - INFO - Simulating Arduino button press: button_1
2025-09-21 12:22:33,883 - __main__ - INFO - Received Arduino signal: button_1
2025-09-21 12:22:33,883 - __main__ - INFO - Created offer: 10.0 ADA - Coffee payment - Button 1 pressed
2025-09-21 12:22:35,908 - __main__ - INFO - Successfully sent offer to router: 04d49ceb-eb9f-4c14-9c6c-607415726195
2025-09-21 12:22:45,909 - __main__ - INFO - Simulating Arduino button press: button_2
2025-09-21 12:22:45,909 - __main__ - INFO - Received Arduino signal: button_2
2025-09-21 12:22:45,910 - __main__ - INFO - Created offer: 25.0 ADA - Lunch payment - Button 2 pressed
2025-09-21 12:22:47,938 - __main__ - INFO - Successfully sent offer to router: 7200b679-6a63-441e-9d1d-ef5726490a4e
2025-09-21 12:22:57,938 - __main__ - INFO - Simulating Arduino button press: button_3
2025-09-21 12:22:57,939 - __main__ - INFO - Received Arduino signal: button_3
2025-09-21 12:22:57,939 - __main__ - INFO - Created offer: 50.0 ADA - Dinner payment - Button 3 pressed
2025-09-21 12:22:59,989 - __main__ - INFO - Successfully sent offer to router: 037ef6bc-b939-4dfb-a39e-af381758c983
2025-09-21 12:23:09,990 - __main__ - INFO - Simulating Arduino button press: emergency
2025-09-21 12:23:09,990 - __main__ - INFO - Received Arduino signal: emergency
2025-09-21 12:23:09,990 - __main__ - INFO - Created offer: 100.0 ADA - Emergency payment - Emergency button pressed
2025-09-21 12:23:12,008 - __main__ - INFO - Successfully sent offer to router: 83f23ec8-ba0a-4695-9f08-b079a690fa37
2025-09-21 12:23:22,008 - __main__ - INFO - Simulating Arduino button press: button_1
2025-09-21 12:23:22,009 - __main__ - INFO - Received Arduino signal: button_1
2025-09-21 12:23:22,009 - __main__ - INFO - Created offer: 10.0 ADA - Coffee payment - Button 1 pressed
2025-09-21 12:23:24,040 - __main__ - INFO - Successfully sent offer to router: 92e2b91b-d682-4eea-a1e1-411bf075c1d9
2025-09-21 12:23:34,040 - __main__ - INFO - Simulating Arduino button press: button_2
2025-09-21 12:23:34,040 - __main__ - INFO - Received Arduino signal: button_2
2025-09-21 12:23:34,041 - __main__ - INFO - Created offer: 25.0 ADA - Lunch payment - Button 2 pressed
2025-09-21 12:23:36,060 - __main__ - INFO - Successfully sent offer to router: 2166d552-a5c6-4bd9-a42c-b8fd9bd6db2f
2025-09-21 12:23:46,060 - __main__ - INFO - Simulating Arduino button press: button_3
2025-09-21 12:23:46,061 - __main__ - INFO - Received Arduino signal: button_3
2025-09-21 12:23:46,061 - __main__ - INFO - Created offer: 50.0 ADA - Dinner payment - Button 3 pressed
2025-09-21 12:23:48,079 - __main__ - INFO - Successfully sent offer to router: 373b6475-2a2d-4f60-86b2-e7711b39c3c4
2025-09-21 12:23:58,079 - __main__ - INFO - Simulating Arduino button press: emergency
2025-09-21 12:23:58,080 - __main__ - INFO - Received Arduino signal: emergency
2025-09-21 12:23:58,080 - __main__ - INFO - Created offer: 100.0 ADA - Emergency payment - Emergency button pressed
2025-09-21 12:24:00,135 - __main__ - INFO - Successfully sent offer to router: d2d42477-403b-4297-b9f7-52eaddb9caca
2025-09-21 12:24:10,139 - __main__ - INFO - Simulating Arduino button press: button_1
2025-09-21 12:24:10,140 - __main__ - INFO - Received Arduino signal: button_1
2025-09-21 12:24:10,140 - __main__ - INFO - Created offer: 10.0 ADA - Coffee payment - Button 1 pressed
2025-09-21 12:24:12,172 - __main__ - INFO - Successfully sent offer to router: 19ea028f-30e2-4a9e-9353-c2ccb765577f
2025-09-21 12:24:22,173 - __main__ - INFO - Simulating Arduino button press: button_2
2025-09-21 12:24:22,173 - __main__ - INFO - Received Arduino signal: button_2
2025-09-21 12:24:22,174 - __main__ - INFO - Created offer: 25.0 ADA - Lunch payment - Button 2 pressed
2025-09-21 12:24:24,192 - __main__ - INFO - Successfully sent offer to router: 83df446b-8c4b-45bd-a307-a4797314ad16
2025-09-21 12:24:34,192 - __main__ - INFO - Simulating Arduino button press: button_3
2025-09-21 12:24:34,193 - __main__ - INFO - Received Arduino signal: button_3
2025-09-21 12:24:34,193 - __main__ - INFO - Created offer: 50.0 ADA - Dinner payment - Button 3 pressed
2025-09-21 12:24:36,237 - __main__ - INFO - Successfully sent offer to router: a74ada2d-8dcb-45df-9014-e75667f100f1
2025-09-21 12:24:46,240 - __main__ - INFO - Simulating Arduino button press: emergency
2025-09-21 12:24:46,240 - __main__ - INFO - Received Arduino signal: emergency
2025-09-21 12:24:46,241 - __main__ - INFO - Created offer: 100.0 ADA - Emergency payment - Emergency button pressed
2025-09-21 12:24:48,281 - __main__ - INFO - Successfully sent offer to router: 5ebca00c-cef1-4800-9232-e3cca2af4502
2025-09-21 12:24:58,281 - __main__ - INFO - Simulating Arduino button press: button_1
2025-09-21 12:24:58,281 - __main__ - INFO - Received Arduino signal: button_1
2025-09-21 12:24:58,282 - __main__ - INFO - Created offer: 10.0 ADA - Coffee payment - Button 1 pressed
2025-09-21 12:25:00,304 - __main__ - INFO - Successfully sent offer to router: 7977ec7f-2def-4519-9003-7e70bd719c65
2025-09-21 12:25:10,304 - __main__ - INFO - Simulating Arduino button press: button_2
2025-09-21 12:25:10,305 - __main__ - INFO - Received Arduino signal: button_2
2025-09-21 12:25:10,306 - __main__ - INFO - Created offer: 25.0 ADA - Lunch payment - Button 2 pressed
2025-09-21 12:25:12,338 - __main__ - INFO - Successfully sent offer to router: 8910d33d-46aa-4180-96ac-38115e10f30a
2025-09-21 12:25:22,338 - __main__ - INFO - Simulating Arduino button press: button_3
2025-09-21 12:25:22,339 - __main__ - INFO - Received Arduino signal: button_3
2025-09-21 12:25:22,339 - __main__ - INFO - Created offer: 50.0 ADA - Dinner payment - Button 3 pressed
2025-09-21 12:25:24,378 - __main__ - INFO - Successfully sent offer to router: 11ff6b17-fd31-4223-9ca0-301a43becf05
2025-09-21 12:25:34,379 - __main__ - INFO - Simulating Arduino button press: emergency
2025-09-21 12:25:34,379 - __main__ - INFO - Received Arduino signal: emergency
2025-09-21 12:25:34,380 - __main__ - INFO - Created offer: 100.0 ADA - Emergency payment - Emergency button pressed
2025-09-21 12:25:36,430 - __main__ - INFO - Successfully sent offer to router: 9d82395d-008e-4093-8e87-2b402aed378c
2025-09-21 12:25:46,430 - __main__ - INFO - Simulating Arduino button press: button_1
2025-09-21 12:25:46,431 - __main__ - INFO - Received Arduino signal: button_1
2025-09-21 12:25:46,431 - __main__ - INFO - Created offer: 10.0 ADA - Coffee payment - Button 1 pressed
2025-09-21 12:25:48,498 - __main__ - INFO - Successfully sent offer to router: f1b18e68-4dee-45d0-9932-0e12cc7b1b58
2025-09-21 12:25:58,499 - __main__ - INFO - Simulating Arduino button press: button_2
2025-09-21 12:25:58,500 - __main__ - INFO - Received Arduino signal: button_2
2025-09-21 12:25:58,500 - __main__ - INFO - Created offer: 25.0 ADA - Lunch payment - Button 2 pressed
2025-09-21 12:26:00,573 - __main__ - INFO - Successfully sent offer to router: 077ffd04-c9ca-47a6-9e06-dfdde94bdb5a
2025-09-21 12:26:10,574 - __main__ - INFO - Simulating Arduino button press: button_3
2025-09-21 12:26:10,574 - __main__ - INFO - Received Arduino signal: button_3
2025-09-21 12:26:10,574 - __main__ - INFO - Created offer: 50.0 ADA - Dinner payment - Button 3 pressed
2025-09-21 12:26:12,623 - __main__ - INFO - Successfully sent offer to router: a0c0af4c-d18f-4b17-8e3c-dee069c8b024
2025-09-21 12:26:22,624 - __main__ - INFO - Simulating Arduino button press: emergency
2025-09-21 12:26:22,624 - __main__ - INFO - Received Arduino signal: emergency
2025-09-21 12:26:22,624 - __main__ - INFO - Created offer: 100.0 ADA - Emergency payment - Emergency button pressed
2025-09-21 12:26:24,658 - __main__ - INFO - Successfully sent offer to router: 52be4ada-77c9-4399-acc0-1ff135afc56e
2025-09-21 12:26:34,659 - __main__ - INFO - Simulating Arduino button press: button_1
2025-09-21 12:26:34,659 - __main__ - INFO - Received Arduino signal: button_1
2025-09-21 12:26:34,659 - __main__ - INFO - Created offer: 10.0 ADA - Coffee payment - Button 1 pressed
2025-09-21 12:26:36,713 - __main__ - INFO - Successfully sent offer to router: eca0b352-b78d-4efd-b3d1-7fe6ae141f60
2025-09-21 12:26:46,714 - __main__ - INFO - Simulating Arduino button press: button_2
2025-09-21 12:26:46,714 - __main__ - INFO - Received Arduino signal: button_2
2025-09-21 12:26:46,715 - __main__ - INFO - Created offer: 25.0 ADA - Lunch payment - Button 2 pressed
2025-09-21 12:26:48,752 - __main__ - INFO - Successfully sent offer to router: ad12f7d8-11e6-4f5b-89b1-0136f813a878
2025-09-21 12:26:58,752 - __main__ - INFO - Simulating Arduino button press: button_3
2025-09-21 12:26:58,753 - __main__ - INFO - Received Arduino signal: button_3
2025-09-21 12:26:58,753 - __main__ - INFO - Created offer: 50.0 ADA - Dinner payment - Button 3 pressed
2025-09-21 12:27:00,794 - __main__ - INFO - Successfully sent offer to router: bdeb5e94-3bd5-42e4-a708-37f3f0f5b7f9
2025-09-21 12:27:10,795 - __main__ - INFO - Simulating Arduino button press: emergency
2025-09-21 12:27:10,795 - __main__ - INFO - Received Arduino signal: emergency
2025-09-21 12:27:10,795 - __main__ - INFO - Created offer: 100.0 ADA - Emergency payment - Emergency button pressed
2025-09-21 12:27:12,853 - __main__ - INFO - Successfully sent offer to router: fe14ca24-c7fd-4162-a30e-efd13e552ecd
2025-09-21 12:27:22,853 - __main__ - INFO - Simulating Arduino button press: button_1
2025-09-21 12:27:22,853 - __main__ - INFO - Received Arduino signal: button_1
2025-09-21 12:27:22,854 - __main__ - INFO - Created offer: 10.0 ADA - Coffee payment - Button 1 pressed
2025-09-21 12:27:24,874 - __main__ - INFO - Successfully sent offer to router: 0eab7d4c-a1e5-4a49-943c-01a36ae2dd0c
2025-09-21 12:27:34,874 - __main__ - INFO - Simulating Arduino button press: button_2
2025-09-21 12:27:34,875 - __main__ - INFO - Received Arduino signal: button_2
2025-09-21 12:27:34,875 - __main__ - INFO - Created offer: 25.0 ADA - Lunch payment - Button 2 pressed
2025-09-21 12:27:37,911 - __main__ - INFO - Successfully sent offer to router: 01a70482-528c-4bed-a488-d8b14b8c76c3
2025-09-21 12:27:47,912 - __main__ - INFO - Simulating Arduino button press: button_3
2025-09-21 12:27:47,912 - __main__ - INFO - Received Arduino signal: button_3
2025-09-21 12:27:47,912 - __main__ - INFO - Created offer: 50.0 ADA - Dinner payment - Button 3 pressed
2025-09-21 12:27:49,931 - __main__ - INFO - Successfully sent offer to router: 287b8d04-61b2-4e8d-9459-bf3e5e560bec
2025-09-21 12:27:59,932 - __main__ - INFO - Simulating Arduino button press: emergency
2025-09-21 12:27:59,933 - __main__ - INFO - Received Arduino signal: emergency
2025-09-21 12:27:59,933 - __main__ - INFO - Created offer: 100.0 ADA - Emergency payment - Emergency button pressed
2025-09-21 12:28:01,959 - __main__ - INFO - Successfully sent offer to router: 00f493b3-998d-4e01-8be9-dc0a53473369
2025-09-21 12:28:11,960 - __main__ - INFO - Simulating Arduino button press: button_1
2025-09-21 12:28:11,960 - __main__ - INFO - Received Arduino signal: button_1
2025-09-21 12:28:11,961 - __main__ - INFO - Created offer: 10.0 ADA - Coffee payment - Button 1 pressed
2025-09-21 12:28:14,013 - __main__ - INFO - Successfully sent offer to router: f9ff27a8-2d66-4da3-8b85-a53a5e2dbfaa
2025-09-21 12:28:24,014 - __main__ - INFO - Simulating Arduino button press: button_2
2025-09-21 12:28:24,014 - __main__ - INFO - Received Arduino signal: button_2
2025-09-21 12:28:24,014 - __main__ - INFO - Created offer: 25.0 ADA - Lunch payment - Button 2 pressed
2025-09-21 12:28:26,037 - __main__ - INFO - Successfully sent offer to router: 7b307cc6-c9d8-48d3-be53-c9718ef91bc4
2025-09-21 12:28:36,038 - __main__ - INFO - Simulating Arduino button press: button_3
2025-09-21 12:28:36,038 - __main__ - INFO - Received Arduino signal: button_3
2025-09-21 12:28:36,039 - __main__ - INFO - Created offer: 50.0 ADA - Dinner payment - Button 3 pressed
2025-09-21 12:28:38,071 - __main__ - INFO - Successfully sent offer to router: 9ac49bad-e4b6-43c1-9581-6c45093019a4
2025-09-21 12:28:48,071 - __main__ - INFO - Simulating Arduino button press: emergency
2025-09-21 12:28:48,071 - __main__ - INFO - Received Arduino signal: emergency
2025-09-21 12:28:48,072 - __main__ - INFO - Created offer: 100.0 ADA - Emergency payment - Emergency button pressed
2025-09-21 12:28:50,103 - __main__ - INFO - Successfully sent offer to router: b007db6e-7a27-4274-a4e1-2a8ffe0ed8ea
2025-09-21 12:29:00,103 - __main__ - INFO - Simulating Arduino button press: button_1
2025-09-21 12:29:00,104 - __main__ - INFO - Received Arduino signal: button_1
2025-09-21 12:29:00,104 - __main__ - INFO - Created offer: 10.0 ADA - Coffee payment - Button 1 pressed
2025-09-21 12:29:02,144 - __main__ - INFO - Successfully sent offer to router: c30cc3a7-28ab-46d5-83d6-c17f257e9142
2025-09-21 12:29:12,145 - __main__ - INFO - Simulating Arduino button press: button_2
2025-09-21 12:29:12,146 - __main__ - INFO - Received Arduino signal: button_2
2025-09-21 12:29:12,147 - __main__ - INFO - Created offer: 25.0 ADA - Lunch payment - Button 2 pressed
2025-09-21 12:29:14,191 - __main__ - INFO - Successfully sent offer to router: 6cd8475f-a2a4-4c48-8bc2-6121ca7d42cb
2025-09-21 12:29:24,191 - __main__ - INFO - Simulating Arduino button press: button_3
2025-09-21 12:29:24,192 - __main__ - INFO - Received Arduino signal: button_3
2025-09-21 12:29:24,192 - __main__ - INFO - Created offer: 50.0 ADA - Dinner payment - Button 3 pressed
2025-09-21 12:29:26,224 - __main__ - INFO - Successfully sent offer to router: 1ae1b402-5f52-4003-8fb0-9eddb03e7673
2025-09-21 12:29:36,225 - __main__ - INFO - Simulating Arduino button press: emergency
2025-09-21 12:29:36,225 - __main__ - INFO - Received Arduino signal: emergency
2025-09-21 12:29:36,225 - __main__ - INFO - Created offer: 100.0 ADA - Emergency payment - Emergency button pressed
2025-09-21 12:29:38,244 - __main__ - INFO - Successfully sent offer to router: fba80d42-0831-4eeb-92d8-11318ab192ea
2025-09-21 12:29:48,245 - __main__ - INFO - Simulating Arduino button press: button_1
2025-09-21 12:29:48,245 - __main__ - INFO - Received Arduino signal: button_1
2025-09-21 12:29:48,246 - __main__ - INFO - Created offer: 10.0 ADA - Coffee payment - Button 1 pressed
2025-09-21 12:29:50,298 - __main__ - INFO - Successfully sent offer to router: fbf85a59-3df5-4168-8d92-94ef4e028ad6
2025-09-21 12:30:00,305 - __main__ - INFO - Simulating Arduino button press: button_2
2025-09-21 12:30:00,330 - __main__ - INFO - Received Arduino signal: button_2
2025-09-21 12:30:00,373 - __main__ - INFO - Created offer: 25.0 ADA - Lunch payment - Button 2 pressed
2025-09-21 12:30:02,576 - __main__ - INFO - Successfully sent offer to router: 8ccb425c-ad68-42d3-8f66-586c9be17d54
2025-09-21 12:30:12,595 - __main__ - INFO - Simulating Arduino button press: button_3
2025-09-21 12:30:12,598 - __main__ - INFO - Received Arduino signal: button_3
2025-09-21 12:30:12,601 - __main__ - INFO - Created offer: 50.0 ADA - Dinner payment - Button 3 pressed
2025-09-21 12:30:14,661 - __main__ - INFO - Successfully sent offer to router: d88917b8-57a0-4345-89dc-66517fb7cd4d
2025-09-21 12:30:24,666 - __main__ - INFO - Simulating Arduino button press: emergency
2025-09-21 12:30:24,686 - __main__ - INFO - Received Arduino signal: emergency
2025-09-21 12:30:24,686 - __main__ - INFO - Created offer: 100.0 ADA - Emergency payment - Emergency button pressed
2025-09-21 12:30:26,735 - __main__ - INFO - Successfully sent offer to router: f01ae1fc-2029-488e-b22e-9a13feeab932
2025-09-21 12:30:36,736 - __main__ - INFO - Simulating Arduino button press: button_1
2025-09-21 12:30:36,737 - __main__ - INFO - Received Arduino signal: button_1
2025-09-21 12:30:36,737 - __main__ - INFO - Created offer: 10.0 ADA - Coffee payment - Button 1 pressed
2025-09-21 12:30:38,792 - __main__ - INFO - Successfully sent offer to router: d526a5f3-6c4c-4676-bfcc-79988c1ac687
2025-09-21 12:30:48,793 - __main__ - INFO - Simulating Arduino button press: button_2
2025-09-21 12:30:48,794 - __main__ - INFO - Received Arduino signal: button_2
2025-09-21 12:30:48,795 - __main__ - INFO - Created offer: 25.0 ADA - Lunch payment - Button 2 pressed
2025-09-21 12:30:51,095 - __main__ - INFO - Successfully sent offer to router: 72e11c7c-0781-4058-a44d-3663c213c096
2025-09-21 16:42:56,068 - __main__ - INFO - Router API is healthy and accessible
2025-09-21 16:42:56,068 - __main__ - INFO - Starting in simulation mode...
2025-09-21 16:42:56,068 - __main__ - INFO - Simulation mode: Press Ctrl+C to stop, or wait for auto-generated signals
2025-09-21 16:43:06,069 - __main__ - INFO - Simulating Arduino button press: button_1
2025-09-21 16:43:06,069 - __main__ - INFO - Received Arduino signal: button_1
2025-09-21 16:43:06,069 - __main__ - INFO - Created offer: 10.0 ADA - Coffee payment - Button 1 pressed
2025-09-21 16:43:08,116 - __main__ - INFO - Successfully sent offer to router: c1f77966-4d34-4140-ab33-f70a45caebc2
